BUSBUS BUILD ERRORS LOG
======================
Generated: May 30, 2025
Build Command: dotnet build BusBus.sln
Build Status: FAILED with 49 error(s) in 2.6s

CRITICAL ERRORS - RouteListPanel.cs
==================================
Line 961: error CS1519: Invalid token '{' in class, record, struct, or interface member declaration
Line 967: error CS8124: Tuple must contain at least two elements.
Line 967: error CS1026: ) expected
Line 967: error CS1519: Invalid token '!=' in class, record, struct, or interface member declaration
Line 971: error CS1519: Invalid token '=' in class, record, struct, or interface member declaration
Line 971: error CS1001: Identifier expected
Line 973: error CS1022: Type or namespace definition, or end-of-file expected
Line 976: error CS0116: A namespace cannot directly contain members such as fields, methods or statements
Line 976: error CS1022: Type or namespace definition, or end-of-file expected
Line 976: error CS0116: A namespace cannot directly contain members such as fields, methods or statements
Line 977: error CS1022: Type or namespace definition, or end-of-file expected
Line 978: error CS0116: A namespace cannot directly contain members such as fields, methods or statements
Line 978: error CS1022: Type or namespace definition, or end-of-file expected
Line 978: error CS0116: A namespace cannot directly contain members such as fields, methods or statements
Line 978: error CS1022: Type or namespace definition, or end-of-file expected
Line 978: error CS0116: A namespace cannot directly contain members such as fields, methods or statements
Line 978: error CS8124: Tuple must contain at least two elements.
Line 978: error CS1022: Type or namespace definition, or end-of-file expected
Line 978: error CS0116: A namespace cannot directly contain members such as fields, methods or statements
Line 978: error CS1022: Type or namespace definition, or end-of-file expected
Line 978: error CS0116: A namespace cannot directly contain members such as fields, methods or statements
Line 978: error CS1022: Type or namespace definition, or end-of-file expected
Line 978: error CS1022: Type or namespace definition, or end-of-file expected
Line 979: error CS8803: Top-level statements must precede namespace and type declarations.
Line 979: error CS1002: ; expected
Line 979: error CS1022: Type or namespace definition, or end-of-file expected
Line 980: error CS1002: ; expected
Line 981: error CS1022: Type or namespace definition, or end-of-file expected
Line 982: error CS1022: Type or namespace definition, or end-of-file expected
Line 983: error CS1022: Type or namespace definition, or end-of-file expected
Line 983: error CS8641: 'else' cannot start a statement.
Line 983: error CS1003: Syntax error, '(' expected
Line 983: error CS1525: Invalid expression term 'else'
Line 983: error CS1026: ) expected
Line 983: error CS1002: ; expected
Line 1025: error CS1022: Type or namespace definition, or end-of-file expected
Line 1026: error CS1022: Type or namespace definition, or end-of-file expected
Line 1026: error CS1026: ) expected
Line 1026: error CS1002: ; expected
Line 1026: error CS1001: Identifier expected
Line 1026: error CS1003: Syntax error, ',' expected
Line 1035: error CS1022: Type or namespace definition, or end-of-file expected
Line 1036: error CS1022: Type or namespace definition, or end-of-file expected
Line 1041: error CS0106: The modifier 'private' is not valid for this item
Line 1077: error CS0106: The modifier 'private' is not valid for this item
Line 1135: error CS1022: Type or namespace definition, or end-of-file expected
Line 1136: error CS1022: Type or namespace definition, or end-of-file expected

ADDITIONAL ERRORS - RoutesManagementPanel.cs
============================================
Line 680: error CS1022: Type or namespace definition, or end-of-file expected
Line 722: error CS1002: ; expected

ANALYSIS
========
RouteListPanel.cs is severely corrupted with structural damage:
1. Broken class/method boundaries starting at line 961
2. Invalid tokens and syntax throughout the file
3. Namespace violations and top-level statement conflicts
4. File requires complete reconstruction

Recommended Actions:
1. Replace RouteListPanel.cs with clean implementation
2. Consolidate RouteDisplayDTO.cs to remove conflicts
3. Fix minor syntax errors in RoutesManagementPanel.cs
4. Run build validation after fixes

Priority: CRITICAL - Blocks all compilation and testing
