Dashboard Diagnostics Report
==========================
Date: 5/28/2025 5:55:17 AM
Overall Result: SUCCESS
Total time: 179ms
UI components created: 15

Test Results:
  Service Resolution: PASS (23ms)
    Message: Dashboard: OK, DbContext: OK
  Database Connectivity: PASS (83ms)
    Message: Database connection successful
  UI Component Creation: PASS (25ms)
    Message: Dashboard created with 15 components
  Data Loading Performance: PASS (42ms)
    Message: Loaded data: 2 routes, 51 drivers

Timing Metrics:
  ServiceResolution: 23ms
  UIComponentCreation: 25ms
  DataLoading: 42ms
  DatabaseConnectivity: 83ms
