Dashboard Diagnostics Report
==========================
Date: 5/28/2025 5:53:40 AM
Overall Result: SUCCESS
Total time: 148ms
UI components created: 15

Test Results:
  Service Resolution: PASS (21ms)
    Message: Dashboard: OK, DbContext: OK
  Database Connectivity: PASS (68ms)
    Message: Database connection successful
  UI Component Creation: PASS (20ms)
    Message: Dashboard created with 15 components
  Data Loading Performance: PASS (35ms)
    Message: Loaded data: 2 routes, 51 drivers

Timing Metrics:
  UIComponentCreation: 20ms
  ServiceResolution: 21ms
  DataLoading: 35ms
  DatabaseConnectivity: 68ms
